<?xml version="1.0" encoding="UTF-8"?>
<!-- Generated by org.testng.reporters.JUnitXMLReporter -->
<testsuite hostname="Mohammeds-MBP.cable.rcn.com" ignored="0" name="Default test" tests="2" failures="0" timestamp="2020-11-14T20:24:46 EST" time="18.89" errors="0">
  <testcase name="feature" time="5.814" classname="cucumber.api.testng.AbstractTestNGCucumberTests"/>
  <testcase name="feature" time="12.811" classname="cucumber.api.testng.AbstractTestNGCucumberTests"/>
</testsuite> <!-- Default test -->
